[19:29:32] [Server thread/INFO]: Starting minecraft server version 1.7.9
[19:29:32] [Server thread/INFO]: Loading properties
[19:29:32] [Server thread/INFO]: Default game type: SURVIVAL
[19:29:32] [Server thread/INFO]: Generating keypair
[19:29:32] [Server thread/INFO]: Starting Minecraft server on *:25565
[19:29:32] [Server thread/WARN]: **** SERVER IS RUNNING IN OFFLINE/INSECURE MODE!
[19:29:32] [Server thread/WARN]: The server will make no attempt to authenticate usernames. Beware.
[19:29:32] [Server thread/WARN]: While this makes the game possible to play without internet access, it also opens up the ability for hackers to connect with any username they choose.
[19:29:32] [Server thread/WARN]: To change this, set "online-mode" to "true" in the server.properties file.
[19:29:32] [Server thread/INFO]: Preparing level "world"
[19:29:33] [Server thread/INFO]: Preparing start region for level 0
[19:29:33] [Server thread/INFO]: Done (1.021s)! For help, type "help" or "?"
[19:29:43] [Server thread/INFO]: JimJamJar[/78.147.208.179:49735] logged in with entity id 271 at (6.193122891975667, 19.419999986886978, 30.399056585151236)
[19:29:43] [Server thread/INFO]: JimJamJar joined the game
[19:34:39] [Server thread/INFO]: moppeynator[/86.178.189.96:51084] logged in with entity id 4178 at (-159.5, 66.0, 250.5)
[19:34:39] [Server thread/INFO]: moppeynator joined the game
[19:35:09] [Server thread/INFO]: moppeynator has just earned the achievement [Taking Inventory]
[19:36:13] [Server thread/INFO]: Blobacus_2[/89.241.187.182:11392] logged in with entity id 7180 at (-152.5, 62.0, 244.5)
[19:36:13] [Server thread/INFO]: Blobacus_2 joined the game
[19:36:26] [Server thread/INFO]: moppeynator has just earned the achievement [Getting Wood]
[19:38:43] [Server thread/INFO]: moppeynator has just earned the achievement [Benchmarking]
[19:39:15] [Server thread/INFO]: moppeynator has just earned the achievement [Time to Mine!]
[19:40:12] [Server thread/INFO]: moppeynator lost connection: TextComponent{text='Disconnected', siblings=[], style=Style{hasParent=false, color=null, bold=null, italic=null, underlined=null, obfuscated=null, clickEvent=null, hoverEvent=null}}
[19:40:12] [Server thread/INFO]: moppeynator left the game
[19:45:54] [Server thread/INFO]: There are 2/10 players online:
[19:45:54] [Server thread/INFO]: JimJamJar, Blobacus_2
[19:55:07] [Server thread/INFO]: Blobacus_2 has just earned the achievement [Benchmarking]
[19:55:58] [Server thread/INFO]: Stopping the server
[19:55:58] [Server thread/INFO]: Stopping server
[19:55:58] [Server thread/INFO]: Saving players
[19:55:58] [Server thread/INFO]: Saving worlds
[19:55:58] [Server thread/INFO]: Saving chunks for level 'world'/Overworld
[19:55:58] [Server thread/INFO]: Saving chunks for level 'world'/Nether
[19:55:58] [Server thread/INFO]: Saving chunks for level 'world'/The End
[19:55:58] [Server Shutdown Thread/INFO]: Stopping server
[19:55:58] [Server Shutdown Thread/INFO]: Saving players
